<?xml version="1.0" encoding="UTF-8"?>
<testng-results skipped="0" failed="0" ignored="0" total="1" passed="1">
  <reporter-output>
  </reporter-output>
  <suite name="Default suite" duration-ms="17294" started-at="2021-01-06T07:33:27Z" finished-at="2021-01-06T07:33:44Z">
    <groups>
    </groups>
    <test name="Default test" duration-ms="17294" started-at="2021-01-06T07:33:27Z" finished-at="2021-01-06T07:33:44Z">
      <class name="com.qa.test.TestBrowser">
        <test-method status="PASS" signature="m1()[pri:0, instance:com.qa.test.TestBrowser@c285f4]" name="m1" duration-ms="17248" started-at="2021-01-06T13:03:27Z" finished-at="2021-01-06T13:03:44Z">
          <reporter-output>
          </reporter-output>
        </test-method> <!-- m1 -->
      </class> <!-- com.qa.test.TestBrowser -->
    </test> <!-- Default test -->
  </suite> <!-- Default suite -->
</testng-results>
